Command line:
   esit_isim_beh.exe
     -simmode  gui
     -simrunnum  0
     -socket  60823

Wed May 18 19:34:26 2022


 Elaboration Time: 0.046875 sec

 Current Memory Usage: 825.176 Meg

 Total Signals          : 5
 Total Nets             : 21
 Total Signal Drivers   : 6
 Total Blocks           : 2
 Total Primitive Blocks : 2
 Total Processes        : 5
 Total Traceable Variables  : 8
 Total Scalar Nets and Variables : 381
Total Line Count : 5

 Total Simulation Time: 0.046875 sec

 Current Memory Usage: 1140.27 Meg

Wed May 18 19:34:57 2022

